2023-10-09 13:00:11,016 [INFO] - {'apple': {'category': 'fruit', 'discount': 25}, 'Fish': {'category': 'Non Veg', 'discount': 25}, 'orange': {'category': 'fruit', 'discount': 15}, 'belgium chocolate cake': {'category': 'cake', 'discount': 25}}
2023-10-09 13:01:53,815 [INFO] - filtered products for discount{'apple': {'category': 'fruit', 'discount': 25}, 'Fish': {'category': 'Non Veg', 'discount': 25}, 'orange': {'category': 'fruit', 'discount': 15}, 'belgium chocolate cake': {'category': 'cake', 'discount': 25}}
2023-10-09 13:03:07,220 [INFO] - filtered products for discount{'apple': {'category': 'fruit', 'discount': 25}, 'Fish': {'category': 'Non Veg', 'discount': 25}, 'orange': {'category': 'fruit', 'discount': 15}, 'belgium chocolate cake': {'category': 'cake', 'discount': 25}}
2023-10-09 13:05:47,687 [INFO] - filtered products for discount{'apple': {'category': 'fruit', 'discount': 25}, 'Fish': {'category': 'Non Veg', 'discount': 25}, 'orange': {'category': 'fruit', 'discount': 15}, 'belgium chocolate cake': {'category': 'cake', 'discount': 25}}
2023-10-09 13:07:28,249 [INFO] - filtered products for discount{'apple': {'category': 'fruit', 'discount': 25}, 'Fish': {'category': 'Non Veg', 'discount': 25}, 'orange': {'category': 'fruit', 'discount': 15}, 'belgium chocolate cake': {'category': 'cake', 'discount': 25}}
2023-10-09 13:07:34,660 [INFO] - filtered products for discount{'apple': {'category': 'fruit', 'discount': 25}, 'Fish': {'category': 'Non Veg', 'discount': 25}, 'orange': {'category': 'fruit', 'discount': 15}, 'belgium chocolate cake': {'category': 'cake', 'discount': 25}}
2023-10-09 13:07:37,058 [INFO] - filtered products for discount{'apple': {'category': 'fruit', 'discount': 25}, 'Fish': {'category': 'Non Veg', 'discount': 25}, 'orange': {'category': 'fruit', 'discount': 15}, 'belgium chocolate cake': {'category': 'cake', 'discount': 25}}
2023-10-09 13:08:00,788 [INFO] - filtered products for discount{'apple': {'category': 'fruit', 'discount': 25}, 'Fish': {'category': 'Non Veg', 'discount': 25}, 'orange': {'category': 'fruit', 'discount': 15}, 'belgium chocolate cake': {'category': 'cake', 'discount': 25}}
2023-10-09 13:10:36,296 [INFO] - filtered products for discount{'apple': {'category': 'fruit', 'discount': 25}, 'Fish': {'category': 'Non Veg', 'discount': 25}, 'orange': {'category': 'fruit', 'discount': 15}, 'belgium chocolate cake': {'category': 'cake', 'discount': 25}}
2023-10-09 13:11:33,965 [INFO] - filtered products for discount{'apple': {'category': 'fruit', 'discount': 25}, 'Fish': {'category': 'Non Veg', 'discount': 25}, 'orange': {'category': 'fruit', 'discount': 15}, 'belgium chocolate cake': {'category': 'cake', 'discount': 25}}
2023-10-09 13:11:52,994 [INFO] - filtered products for discount{'apple': {'category': 'fruit', 'discount': 25}, 'Fish': {'category': 'Non Veg', 'discount': 25}, 'orange': {'category': 'fruit', 'discount': 15}, 'belgium chocolate cake': {'category': 'cake', 'discount': 25}}
2023-10-09 13:12:00,435 [INFO] - filtered products for discount{'apple': {'category': 'fruit', 'discount': 25}, 'Fish': {'category': 'Non Veg', 'discount': 25}, 'orange': {'category': 'fruit', 'discount': 15}, 'belgium chocolate cake': {'category': 'cake', 'discount': 25}}
2023-10-09 13:12:28,567 [INFO] - filtered products for discount{'apple': {'category': 'fruit', 'discount': 25}, 'Fish': {'category': 'Non Veg', 'discount': 25}, 'orange': {'category': 'fruit', 'discount': 15}, 'belgium chocolate cake': {'category': 'cake', 'discount': 25}}
2023-10-09 13:12:53,665 [INFO] - filtered products for discount{'apple': {'category': 'fruit', 'discount': 25}, 'Fish': {'category': 'Non Veg', 'discount': 25}, 'orange': {'category': 'fruit', 'discount': 15}, 'belgium chocolate cake': {'category': 'cake', 'discount': 25}}
2023-10-09 13:13:07,370 [INFO] - filtered products for discount{'apple': {'category': 'fruit', 'discount': 25}, 'Fish': {'category': 'Non Veg', 'discount': 25}, 'orange': {'category': 'fruit', 'discount': 15}, 'belgium chocolate cake': {'category': 'cake', 'discount': 25}}
2023-10-09 13:13:25,067 [INFO] - filtered products for discount{'apple': {'category': 'fruit', 'discount': 25}, 'Fish': {'category': 'Non Veg', 'discount': 25}, 'orange': {'category': 'fruit', 'discount': 15}, 'belgium chocolate cake': {'category': 'cake', 'discount': 25}}
2023-10-09 13:13:40,857 [INFO] - filtered products for discount{'apple': {'category': 'fruit', 'discount': 25}, 'Fish': {'category': 'Non Veg', 'discount': 25}, 'orange': {'category': 'fruit', 'discount': 15}, 'belgium chocolate cake': {'category': 'cake', 'discount': 25}}
2023-10-09 13:14:06,367 [INFO] - filtered products for discount{'apple': {'category': 'fruit', 'discount': 25}, 'Fish': {'category': 'Non Veg', 'discount': 25}, 'orange': {'category': 'fruit', 'discount': 15}, 'belgium chocolate cake': {'category': 'cake', 'discount': 25}}
2023-10-09 13:14:32,216 [INFO] - filtered products for discount{'apple': {'category': 'fruit', 'discount': 25}, 'Fish': {'category': 'Non Veg', 'discount': 25}, 'orange': {'category': 'fruit', 'discount': 15}, 'belgium chocolate cake': {'category': 'cake', 'discount': 25}}
2023-10-09 13:14:46,690 [INFO] - filtered products for discount{'apple': {'category': 'fruit', 'discount': 25}, 'Fish': {'category': 'Non Veg', 'discount': 25}, 'orange': {'category': 'fruit', 'discount': 15}, 'belgium chocolate cake': {'category': 'cake', 'discount': 25}}
2023-10-09 13:14:59,832 [INFO] - filtered products for discount{'apple': {'category': 'fruit', 'discount': 25}, 'Fish': {'category': 'Non Veg', 'discount': 25}, 'orange': {'category': 'fruit', 'discount': 15}, 'belgium chocolate cake': {'category': 'cake', 'discount': 25}}
2023-10-09 13:15:08,243 [INFO] - filtered products for discount{'apple': {'category': 'fruit', 'discount': 25}, 'Fish': {'category': 'Non Veg', 'discount': 25}, 'orange': {'category': 'fruit', 'discount': 15}, 'belgium chocolate cake': {'category': 'cake', 'discount': 25}}
2023-10-09 13:15:18,106 [INFO] - filtered products for discount{'apple': {'category': 'fruit', 'discount': 25}, 'Fish': {'category': 'Non Veg', 'discount': 25}, 'orange': {'category': 'fruit', 'discount': 15}, 'belgium chocolate cake': {'category': 'cake', 'discount': 25}}
2023-10-09 13:15:30,490 [INFO] - filtered products for discount{'apple': {'category': 'fruit', 'discount': 25}, 'Fish': {'category': 'Non Veg', 'discount': 25}, 'orange': {'category': 'fruit', 'discount': 15}, 'belgium chocolate cake': {'category': 'cake', 'discount': 25}}
2023-10-09 13:16:21,271 [INFO] - filtered products for discount{'apple': {'category': 'fruit', 'discount': 25}, 'Fish': {'category': 'Non Veg', 'discount': 25}, 'orange': {'category': 'fruit', 'discount': 15}, 'belgium chocolate cake': {'category': 'cake', 'discount': 25}}
2023-10-09 13:16:39,941 [INFO] - filtered products for discount{'apple': {'category': 'fruit', 'discount': 25}, 'Fish': {'category': 'Non Veg', 'discount': 25}, 'orange': {'category': 'fruit', 'discount': 15}, 'belgium chocolate cake': {'category': 'cake', 'discount': 25}}
2023-10-09 13:16:51,981 [INFO] - filtered products for discount{'apple': {'category': 'fruit', 'discount': 25}, 'Fish': {'category': 'Non Veg', 'discount': 25}, 'orange': {'category': 'fruit', 'discount': 15}, 'belgium chocolate cake': {'category': 'cake', 'discount': 25}}
2023-10-09 13:17:55,476 [INFO] - filtered products for discount{'apple': {'category': 'fruit', 'discount': 25}, 'Fish': {'category': 'Non Veg', 'discount': 25}, 'orange': {'category': 'fruit', 'discount': 15}, 'belgium chocolate cake': {'category': 'cake', 'discount': 25}}
2023-10-09 13:18:24,804 [INFO] - filtered products for discount{'apple': {'category': 'fruit', 'discount': 25}, 'Fish': {'category': 'Non Veg', 'discount': 25}, 'orange': {'category': 'fruit', 'discount': 15}, 'belgium chocolate cake': {'category': 'cake', 'discount': 25}}
2023-10-09 13:18:35,939 [INFO] - filtered products for discount{'apple': {'category': 'fruit', 'discount': 25}, 'Fish': {'category': 'Non Veg', 'discount': 25}, 'orange': {'category': 'fruit', 'discount': 15}, 'belgium chocolate cake': {'category': 'cake', 'discount': 25}}
2023-10-28 10:06:24,946 [INFO] - filtered products for discount{'apple': {'category': 'fruit', 'discount': 25}, 'Fish': {'category': 'Non Veg', 'discount': 25}, 'orange': {'category': 'fruit', 'discount': 15}, 'belgium chocolate cake': {'category': 'cake', 'discount': 25}}
2023-10-28 10:07:00,422 [INFO] - filtered products for discount{'apple': {'category': 'fruit', 'discount': 25}, 'Fish': {'category': 'Non Veg', 'discount': 25}, 'orange': {'category': 'fruit', 'discount': 15}, 'belgium chocolate cake': {'category': 'cake', 'discount': 25}}
2023-10-28 10:07:08,610 [INFO] - filtered products for discount{'apple': {'category': 'fruit', 'discount': 25}, 'Fish': {'category': 'Non Veg', 'discount': 25}, 'orange': {'category': 'fruit', 'discount': 15}, 'belgium chocolate cake': {'category': 'cake', 'discount': 25}}
2023-10-28 10:07:13,454 [INFO] - filtered products for discount{'apple': {'category': 'fruit', 'discount': 25}, 'Fish': {'category': 'Non Veg', 'discount': 25}, 'orange': {'category': 'fruit', 'discount': 15}, 'belgium chocolate cake': {'category': 'cake', 'discount': 25}}
2023-10-28 10:07:20,603 [INFO] - filtered products for discount{'apple': {'category': 'fruit', 'discount': 25}, 'Fish': {'category': 'Non Veg', 'discount': 25}, 'orange': {'category': 'fruit', 'discount': 15}, 'belgium chocolate cake': {'category': 'cake', 'discount': 25}}
2023-10-28 10:08:05,915 [INFO] - filtered products for discount{'apple': {'category': 'fruit', 'discount': 25}, 'Fish': {'category': 'Non Veg', 'discount': 25}, 'orange': {'category': 'fruit', 'discount': 15}, 'belgium chocolate cake': {'category': 'cake', 'discount': 25}}
2023-12-14 00:21:07,436 [INFO] - filtered products for discount{'apple': {'category': 'Fruit', 'discount': 25}, 'Fish': {'category': 'non veg', 'discount': 25}, 'orange': {'category': 'Fruit', 'discount': 15}, 'belgium chocolate cake': {'category': 'cake', 'discount': 25}}
2023-12-15 17:53:07,814 [INFO] - filtered products for discount{'apple': {'category': 'Fruit', 'discount': 25}, 'Fish': {'category': 'non veg', 'discount': 25}, 'orange': {'category': 'Fruit', 'discount': 15}, 'belgium chocolate cake': {'category': 'cake', 'discount': 25}}
2023-12-15 18:19:22,119 [INFO] - filtered products for discount{'apple': {'category': 'Fruit', 'discount': 25}, 'Fish': {'category': 'non veg', 'discount': 25}, 'orange': {'category': 'Fruit', 'discount': 15}, 'belgium chocolate cake': {'category': 'cake', 'discount': 25}}
2023-12-15 19:33:21,154 [INFO] - filtered products for discount{'apple': {'category': 'Fruit', 'discount': 25}, 'Fish': {'category': 'non veg', 'discount': 25}, 'orange': {'category': 'Fruit', 'discount': 15}, 'belgium chocolate cake': {'category': 'cake', 'discount': 25}}
2023-12-15 19:34:17,087 [INFO] - filtered products for discount{'apple': {'category': 'Fruit', 'discount': 25}, 'Fish': {'category': 'non veg', 'discount': 25}, 'orange': {'category': 'Fruit', 'discount': 15}, 'belgium chocolate cake': {'category': 'cake', 'discount': 25}}
2023-12-15 19:37:20,317 [INFO] - filtered products for discount{'apple': {'category': 'Fruit', 'discount': 25}, 'Fish': {'category': 'non veg', 'discount': 25}, 'orange': {'category': 'Fruit', 'discount': 15}, 'belgium chocolate cake': {'category': 'cake', 'discount': 25}}
2023-12-15 19:38:41,969 [INFO] - filtered products for discount{'apple': {'category': 'Fruit', 'discount': 25}, 'Fish': {'category': 'non veg', 'discount': 25}, 'orange': {'category': 'Fruit', 'discount': 15}, 'belgium chocolate cake': {'category': 'cake', 'discount': 25}}
2023-12-15 19:39:00,299 [INFO] - filtered products for discount{'apple': {'category': 'Fruit', 'discount': 25}, 'Fish': {'category': 'non veg', 'discount': 25}, 'orange': {'category': 'Fruit', 'discount': 15}, 'belgium chocolate cake': {'category': 'cake', 'discount': 25}}
2023-12-15 19:41:09,090 [INFO] - filtered products for discount{'apple': {'category': 'Fruit', 'discount': 25}, 'Fish': {'category': 'non veg', 'discount': 25}, 'orange': {'category': 'Fruit', 'discount': 15}, 'belgium chocolate cake': {'category': 'cake', 'discount': 25}}
2023-12-15 19:41:33,268 [INFO] - filtered products for discount{'apple': {'category': 'Fruit', 'discount': 25}, 'Fish': {'category': 'non veg', 'discount': 25}, 'orange': {'category': 'Fruit', 'discount': 15}, 'belgium chocolate cake': {'category': 'cake', 'discount': 25}}
2023-12-15 19:43:03,608 [INFO] - filtered products for discount{'apple': {'category': 'Fruit', 'discount': 25}, 'Fish': {'category': 'non veg', 'discount': 25}, 'orange': {'category': 'Fruit', 'discount': 15}, 'belgium chocolate cake': {'category': 'cake', 'discount': 25}}
2023-12-15 19:43:19,586 [INFO] - filtered products for discount{'apple': {'category': 'Fruit', 'discount': 25}, 'Fish': {'category': 'non veg', 'discount': 25}, 'orange': {'category': 'Fruit', 'discount': 15}, 'belgium chocolate cake': {'category': 'cake', 'discount': 25}}
2023-12-15 20:14:44,881 [INFO] - filtered products for discount{'apple': {'category': 'Fruit', 'discount': 25}, 'Fish': {'category': 'non veg', 'discount': 25}, 'orange': {'category': 'Fruit', 'discount': 15}, 'belgium chocolate cake': {'category': 'cake', 'discount': 25}}
2023-12-15 20:14:50,879 [INFO] - filtered products for discount{'apple': {'category': 'Fruit', 'discount': 25}, 'Fish': {'category': 'non veg', 'discount': 25}, 'orange': {'category': 'Fruit', 'discount': 15}, 'belgium chocolate cake': {'category': 'cake', 'discount': 25}}
2023-12-15 20:15:00,391 [INFO] - filtered products for discount{'apple': {'category': 'Fruit', 'discount': 25}, 'Fish': {'category': 'non veg', 'discount': 25}, 'orange': {'category': 'Fruit', 'discount': 15}, 'belgium chocolate cake': {'category': 'cake', 'discount': 25}}
2023-12-15 20:15:36,796 [INFO] - filtered products for discount{'apple': {'category': 'Fruit', 'discount': 25}, 'Fish': {'category': 'non veg', 'discount': 25}, 'orange': {'category': 'Fruit', 'discount': 15}, 'belgium chocolate cake': {'category': 'cake', 'discount': 25}}
2023-12-15 20:16:34,227 [INFO] - filtered products for discount{'apple': {'category': 'Fruit', 'discount': 25}, 'Fish': {'category': 'non veg', 'discount': 25}, 'orange': {'category': 'Fruit', 'discount': 15}, 'belgium chocolate cake': {'category': 'cake', 'discount': 25}}
2023-12-15 20:16:47,413 [INFO] - filtered products for discount{'apple': {'category': 'Fruit', 'discount': 25}, 'Fish': {'category': 'non veg', 'discount': 25}, 'orange': {'category': 'Fruit', 'discount': 15}, 'belgium chocolate cake': {'category': 'cake', 'discount': 25}}
2023-12-15 20:18:06,243 [INFO] - filtered products for discount{'apple': {'category': 'Fruit', 'discount': 25}, 'Fish': {'category': 'non veg', 'discount': 25}, 'orange': {'category': 'Fruit', 'discount': 15}, 'belgium chocolate cake': {'category': 'cake', 'discount': 25}}
2023-12-15 20:21:43,571 [INFO] - filtered products for discount{'apple': {'category': 'Fruit', 'discount': 25}, 'Fish': {'category': 'non veg', 'discount': 25}, 'orange': {'category': 'Fruit', 'discount': 15}, 'belgium chocolate cake': {'category': 'cake', 'discount': 25}}
2023-12-15 20:21:59,953 [INFO] - filtered products for discount{'apple': {'category': 'Fruit', 'discount': 25}, 'Fish': {'category': 'non veg', 'discount': 25}, 'orange': {'category': 'Fruit', 'discount': 15}, 'belgium chocolate cake': {'category': 'cake', 'discount': 25}}
2023-12-15 20:22:09,925 [INFO] - filtered products for discount{'apple': {'category': 'Fruit', 'discount': 25}, 'Fish': {'category': 'non veg', 'discount': 25}, 'orange': {'category': 'Fruit', 'discount': 15}, 'belgium chocolate cake': {'category': 'cake', 'discount': 25}}
2023-12-15 20:22:32,529 [INFO] - filtered products for discount{'apple': {'category': 'Fruit', 'discount': 25}, 'Fish': {'category': 'non veg', 'discount': 25}, 'belgium chocolate cake': {'category': 'cake', 'discount': 25}}
2023-12-15 20:22:46,159 [INFO] - filtered products for discount{'apple': {'category': 'Fruit', 'discount': 25}, 'Fish': {'category': 'non veg', 'discount': 25}, 'belgium chocolate cake': {'category': 'cake', 'discount': 25}}
2023-12-15 20:23:00,093 [INFO] - filtered products for discount{'apple': {'category': 'Fruit', 'discount': 25}, 'Fish': {'category': 'non veg', 'discount': 25}, 'belgium chocolate cake': {'category': 'cake', 'discount': 25}}
2023-12-15 20:23:08,143 [INFO] - filtered products for discount{'apple': {'category': 'Fruit', 'discount': 25}, 'Fish': {'category': 'non veg', 'discount': 25}, 'belgium chocolate cake': {'category': 'cake', 'discount': 25}}
2023-12-15 20:23:11,958 [INFO] - filtered products for discount{'apple': {'category': 'Fruit', 'discount': 25}, 'Fish': {'category': 'non veg', 'discount': 25}, 'belgium chocolate cake': {'category': 'cake', 'discount': 25}}
2023-12-15 20:23:37,426 [INFO] - filtered products for discount{'apple': {'category': 'Fruit', 'discount': 25}, 'Fish': {'category': 'non veg', 'discount': 25}, 'belgium chocolate cake': {'category': 'cake', 'discount': 25}}
2023-12-15 20:23:40,731 [INFO] - filtered products for discount{'apple': {'category': 'Fruit', 'discount': 25}, 'Fish': {'category': 'non veg', 'discount': 25}, 'belgium chocolate cake': {'category': 'cake', 'discount': 25}}
2023-12-15 20:25:05,837 [INFO] - filtered products for discount{'apple': {'category': 'Fruit', 'discount': 25}, 'Fish': {'category': 'non veg', 'discount': 25}, 'belgium chocolate cake': {'category': 'cake', 'discount': 25}}
2023-12-15 20:25:08,161 [INFO] - filtered products for discount{'apple': {'category': 'Fruit', 'discount': 25}, 'Fish': {'category': 'non veg', 'discount': 25}, 'belgium chocolate cake': {'category': 'cake', 'discount': 25}}
2023-12-15 20:26:03,568 [INFO] - filtered products for discount{'apple': {'category': 'Fruit', 'discount': 25}, 'Fish': {'category': 'non veg', 'discount': 25}, 'belgium chocolate cake': {'category': 'cake', 'discount': 25}}
2023-12-15 20:26:45,058 [INFO] - filtered products for discount{'apple': {'category': 'Fruit', 'discount': 25}, 'Fish': {'category': 'non veg', 'discount': 25}, 'belgium chocolate cake': {'category': 'cake', 'discount': 25}}
2023-12-15 20:26:50,228 [INFO] - filtered products for discount{'apple': {'category': 'Fruit', 'discount': 25}, 'Fish': {'category': 'non veg', 'discount': 25}, 'belgium chocolate cake': {'category': 'cake', 'discount': 25}}
2023-12-15 20:27:51,097 [INFO] - filtered products for discount{'apple': {'category': 'Fruit', 'discount': 25}, 'Fish': {'category': 'non veg', 'discount': 25}, 'belgium chocolate cake': {'category': 'cake', 'discount': 25}}
2023-12-15 20:28:19,184 [INFO] - filtered products for discount{'apple': {'category': 'Fruit', 'discount': 25}, 'Fish': {'category': 'non veg', 'discount': 25}, 'belgium chocolate cake': {'category': 'cake', 'discount': 25}}
2023-12-15 20:28:24,771 [INFO] - filtered products for discount{'apple': {'category': 'Fruit', 'discount': 25}, 'Fish': {'category': 'non veg', 'discount': 25}, 'belgium chocolate cake': {'category': 'cake', 'discount': 25}}
2023-12-15 23:39:20,556 [INFO] - filtered products for discount{'apple': {'category': 'Fruit', 'discount': 25}, 'Fish': {'category': 'non veg', 'discount': 25}, 'belgium chocolate cake': {'category': 'cake', 'discount': 25}}
2023-12-15 23:39:27,837 [INFO] - filtered products for discount{'apple': {'category': 'Fruit', 'discount': 25}, 'Fish': {'category': 'non veg', 'discount': 25}, 'belgium chocolate cake': {'category': 'cake', 'discount': 25}}
2023-12-16 00:31:13,465 [INFO] - filtered products for discount{'apple': {'category': 'Fruit', 'discount': 25}, 'Fish': {'category': 'non veg', 'discount': 25}, 'belgium chocolate cake': {'category': 'cake', 'discount': 25}}
2023-12-16 00:32:19,597 [INFO] - filtered products for discount{'apple': {'category': 'Fruit', 'discount': 25}, 'Fish': {'category': 'non veg', 'discount': 25}, 'belgium chocolate cake': {'category': 'cake', 'discount': 25}}
2023-12-16 01:31:42,598 [INFO] - filtered products for discount{'apple': {'category': 'Fruit', 'discount': 25}, 'Fish': {'category': 'non veg', 'discount': 25}, 'belgium chocolate cake': {'category': 'cake', 'discount': 25}}
2023-12-16 01:32:53,816 [INFO] - filtered products for discount{'apple': {'category': 'Fruit', 'discount': 25}, 'Fish': {'category': 'non veg', 'discount': 25}, 'belgium chocolate cake': {'category': 'cake', 'discount': 25}}
2023-12-16 01:34:58,314 [INFO] - filtered products for discount{'apple': {'category': 'Fruit', 'discount': 25}, 'Fish': {'category': 'non veg', 'discount': 25}, 'belgium chocolate cake': {'category': 'cake', 'discount': 25}}
2023-12-16 01:35:03,987 [INFO] - filtered products for discount{'apple': {'category': 'Fruit', 'discount': 25}, 'Fish': {'category': 'non veg', 'discount': 25}, 'belgium chocolate cake': {'category': 'cake', 'discount': 25}}
2023-12-16 01:53:01,407 [INFO] - filtered products for discount{'apple': {'category': 'Fruit', 'discount': 25}, 'Fish': {'category': 'non veg', 'discount': 25}, 'belgium chocolate cake': {'category': 'cake', 'discount': 25}}
2023-12-16 01:53:32,796 [INFO] - filtered products for discount{'apple': {'category': 'Fruit', 'discount': 25}, 'Fish': {'category': 'non veg', 'discount': 25}, 'belgium chocolate cake': {'category': 'cake', 'discount': 25}}
2023-12-16 01:53:53,158 [INFO] - filtered products for discount{'apple': {'category': 'Fruit', 'discount': 25}, 'Fish': {'category': 'non veg', 'discount': 25}, 'belgium chocolate cake': {'category': 'cake', 'discount': 25}}
2023-12-16 01:54:00,356 [INFO] - filtered products for discount{'apple': {'category': 'Fruit', 'discount': 25}, 'Fish': {'category': 'non veg', 'discount': 25}, 'belgium chocolate cake': {'category': 'cake', 'discount': 25}}
2023-12-16 01:56:00,068 [INFO] - filtered products for discount{'apple': {'category': 'Fruit', 'discount': 25}, 'Fish': {'category': 'non veg', 'discount': 25}, 'belgium chocolate cake': {'category': 'cake', 'discount': 25}}
2023-12-16 01:56:07,433 [INFO] - filtered products for discount{'apple': {'category': 'Fruit', 'discount': 25}, 'Fish': {'category': 'non veg', 'discount': 25}, 'belgium chocolate cake': {'category': 'cake', 'discount': 25}}
2023-12-16 01:57:01,578 [INFO] - filtered products for discount{'apple': {'category': 'Fruit', 'discount': 25}, 'Fish': {'category': 'non veg', 'discount': 25}, 'belgium chocolate cake': {'category': 'cake', 'discount': 25}}
2023-12-16 01:57:05,166 [INFO] - filtered products for discount{'apple': {'category': 'Fruit', 'discount': 25}, 'Fish': {'category': 'non veg', 'discount': 25}, 'belgium chocolate cake': {'category': 'cake', 'discount': 25}}
2023-12-16 01:57:13,046 [INFO] - filtered products for discount{'apple': {'category': 'Fruit', 'discount': 25}, 'Fish': {'category': 'non veg', 'discount': 25}, 'belgium chocolate cake': {'category': 'cake', 'discount': 25}}
2023-12-16 02:03:30,134 [INFO] - filtered products for discount{'apple': {'category': 'Fruit', 'discount': 25}, 'Fish': {'category': 'non veg', 'discount': 25}, 'belgium chocolate cake': {'category': 'cake', 'discount': 25}}
2023-12-16 02:03:43,188 [INFO] - filtered products for discount{'apple': {'category': 'Fruit', 'discount': 25}, 'Fish': {'category': 'non veg', 'discount': 25}, 'belgium chocolate cake': {'category': 'cake', 'discount': 25}}
2023-12-16 02:03:50,207 [INFO] - filtered products for discount{'apple': {'category': 'Fruit', 'discount': 25}, 'Fish': {'category': 'non veg', 'discount': 25}, 'belgium chocolate cake': {'category': 'cake', 'discount': 25}}
2023-12-16 02:22:25,214 [INFO] - filtered products for discount{'apple': {'category': 'Fruit', 'discount': 25}, 'Fish': {'category': 'non veg', 'discount': 25}, 'belgium chocolate cake': {'category': 'cake', 'discount': 25}}
2023-12-16 02:24:11,246 [INFO] - filtered products for discount{'Fish': {'category': 'non veg', 'discount': 25}, 'mango': {'category': 'Fruit', 'discount': 25}, 'lichi': {'category': 'Fruit', 'discount': 25}, 'lemon': {'category': 'Fruit', 'discount': 10}, 'belgium chocolate cake': {'category': 'cake', 'discount': 25}}
2023-12-16 02:24:55,347 [INFO] - filtered products for discount{'Fish': {'category': 'non veg', 'discount': 25}, 'mango': {'category': 'Fruit', 'discount': 25}, 'lichi': {'category': 'Fruit', 'discount': 25}, 'lemon': {'category': 'Fruit', 'discount': 10}, 'belgium chocolate cake': {'category': 'cake', 'discount': 25}}
2023-12-16 02:25:02,517 [INFO] - filtered products for discount{'Fish': {'category': 'non veg', 'discount': 25}, 'mango': {'category': 'Fruit', 'discount': 25}, 'lichi': {'category': 'Fruit', 'discount': 25}, 'lemon': {'category': 'Fruit', 'discount': 10}, 'belgium chocolate cake': {'category': 'cake', 'discount': 25}}
2023-12-16 11:21:10,481 [INFO] - filtered products for discount{'Fish': {'category': 'non veg', 'discount': 25}, 'mango': {'category': 'Fruit', 'discount': 25}, 'lichi': {'category': 'Fruit', 'discount': 25}, 'lemon': {'category': 'Fruit', 'discount': 10}, 'belgium chocolate cake': {'category': 'cake', 'discount': 25}}
2023-12-16 12:51:11,727 [INFO] - filtered products for discount{'Fish': {'category': 'non veg', 'discount': 25}, 'mango': {'category': 'Fruit', 'discount': 25}, 'lichi': {'category': 'Fruit', 'discount': 25}, 'lemon': {'category': 'Fruit', 'discount': 10}, 'belgium chocolate cake': {'category': 'cake', 'discount': 25}}
2023-12-16 12:52:06,060 [INFO] - filtered products for discount{'Fish': {'category': 'non veg', 'discount': 25}, 'mango': {'category': 'Fruit', 'discount': 25}, 'lichi': {'category': 'Fruit', 'discount': 25}, 'lemon': {'category': 'Fruit', 'discount': 10}, 'belgium chocolate cake': {'category': 'cake', 'discount': 25}}
2023-12-16 12:55:31,893 [INFO] - filtered products for discount{'Fish': {'category': 'non veg', 'discount': 25}, 'mango': {'category': 'Fruit', 'discount': 25}, 'lichi': {'category': 'Fruit', 'discount': 25}, 'lemon': {'category': 'Fruit', 'discount': 10}, 'belgium chocolate cake': {'category': 'cake', 'discount': 25}}
2023-12-16 12:55:56,984 [INFO] - filtered products for discount{'Fish': {'category': 'non veg', 'discount': 25}, 'mango': {'category': 'Fruit', 'discount': 25}, 'lichi': {'category': 'Fruit', 'discount': 25}, 'lemon': {'category': 'Fruit', 'discount': 10}, 'belgium chocolate cake': {'category': 'cake', 'discount': 25}}
2023-12-16 12:56:14,709 [INFO] - filtered products for discount{'Fish': {'category': 'non veg', 'discount': 25}, 'mango': {'category': 'Fruit', 'discount': 25}, 'lichi': {'category': 'Fruit', 'discount': 25}, 'lemon': {'category': 'Fruit', 'discount': 10}, 'belgium chocolate cake': {'category': 'cake', 'discount': 25}}
2023-12-16 12:56:53,258 [INFO] - filtered products for discount{'apple': {'category': 'Fruit', 'discount': 25}, 'Fish': {'category': 'non veg', 'discount': 25}, 'belgium chocolate cake': {'category': 'cake', 'discount': 25}}
2023-12-16 12:58:41,445 [INFO] - filtered products for discount{'apple': {'category': 'Fruit', 'discount': 25}, 'Fish': {'category': 'non veg', 'discount': 25}, 'belgium chocolate cake': {'category': 'cake', 'discount': 25}}
2023-12-16 13:17:46,739 [INFO] - filtered products for discount{'apple': {'category': 'Fruit', 'discount': 25}, 'Fish': {'category': 'non veg', 'discount': 25}, 'belgium chocolate cake': {'category': 'cake', 'discount': 25}}
2023-12-16 13:17:50,872 [INFO] - filtered products for discount{'apple': {'category': 'Fruit', 'discount': 25}, 'Fish': {'category': 'non veg', 'discount': 25}, 'belgium chocolate cake': {'category': 'cake', 'discount': 25}}
2023-12-16 13:29:51,529 [INFO] - filtered products for discount{'apple': {'category': 'Fruit', 'discount': 25}, 'Fish': {'category': 'non veg', 'discount': 25}, 'belgium chocolate cake': {'category': 'cake', 'discount': 25}}
2023-12-16 13:55:09,811 [INFO] - filtered products for discount{'apple': {'category': 'Fruit', 'discount': 25}, 'Fish': {'category': 'non veg', 'discount': 25}, 'belgium chocolate cake': {'category': 'cake', 'discount': 25}}
2023-12-16 14:32:44,754 [INFO] - filtered products for discount{'apple': {'category': 'Fruit', 'discount': 25}, 'Fish': {'category': 'non veg', 'discount': 25}, 'belgium chocolate cake': {'category': 'cake', 'discount': 25}}
2023-12-16 19:26:06,526 [INFO] - filtered products for discount{'apple': {'category': 'Fruit', 'discount': 25}, 'Fish': {'category': 'non veg', 'discount': 25}, 'belgium chocolate cake': {'category': 'cake', 'discount': 25}}
2023-12-16 19:49:45,264 [INFO] - filtered products for discount{'apple': {'category': 'Fruit', 'discount': 25}, 'Fish': {'category': 'non veg', 'discount': 25}, 'belgium chocolate cake': {'category': 'cake', 'discount': 25}}
2023-12-16 19:49:51,423 [INFO] - filtered products for discount{'apple': {'category': 'Fruit', 'discount': 25}, 'Fish': {'category': 'non veg', 'discount': 25}, 'belgium chocolate cake': {'category': 'cake', 'discount': 25}}
2023-12-16 20:32:04,857 [INFO] - filtered products for discount{'apple': {'category': 'Fruit', 'discount': 25}, 'Fish': {'category': 'non veg', 'discount': 25}, 'belgium chocolate cake': {'category': 'cake', 'discount': 25}}
2023-12-16 20:46:00,624 [INFO] - filtered products for discount{'apple': {'category': 'Fruit', 'discount': 25}, 'Fish': {'category': 'non veg', 'discount': 25}, 'belgium chocolate cake': {'category': 'cake', 'discount': 25}}
2023-12-16 20:46:07,674 [INFO] - filtered products for discount{'apple': {'category': 'Fruit', 'discount': 25}, 'Fish': {'category': 'non veg', 'discount': 25}, 'belgium chocolate cake': {'category': 'cake', 'discount': 25}}
2023-12-16 20:46:13,492 [INFO] - filtered products for discount{'apple': {'category': 'Fruit', 'discount': 25}, 'Fish': {'category': 'non veg', 'discount': 25}, 'belgium chocolate cake': {'category': 'cake', 'discount': 25}}
2023-12-16 20:46:17,951 [INFO] - filtered products for discount{'apple': {'category': 'Fruit', 'discount': 25}, 'Fish': {'category': 'non veg', 'discount': 25}, 'belgium chocolate cake': {'category': 'cake', 'discount': 25}}
2023-12-16 20:48:20,499 [INFO] - filtered products for discount{'apple': {'category': 'Fruit', 'discount': 25}, 'Fish': {'category': 'non veg', 'discount': 25}, 'belgium chocolate cake': {'category': 'cake', 'discount': 25}}
2023-12-16 20:48:42,304 [INFO] - filtered products for discount{'apple': {'category': 'Fruit', 'discount': 25}, 'Fish': {'category': 'non veg', 'discount': 25}, 'belgium chocolate cake': {'category': 'cake', 'discount': 25}}
2023-12-16 20:48:47,689 [INFO] - filtered products for discount{'apple': {'category': 'Fruit', 'discount': 25}, 'Fish': {'category': 'non veg', 'discount': 25}, 'belgium chocolate cake': {'category': 'cake', 'discount': 25}}
2023-12-16 20:48:52,430 [INFO] - filtered products for discount{'apple': {'category': 'Fruit', 'discount': 25}, 'Fish': {'category': 'non veg', 'discount': 25}, 'belgium chocolate cake': {'category': 'cake', 'discount': 25}}
2023-12-16 20:48:56,378 [INFO] - filtered products for discount{'apple': {'category': 'Fruit', 'discount': 25}, 'Fish': {'category': 'non veg', 'discount': 25}, 'belgium chocolate cake': {'category': 'cake', 'discount': 25}}
2023-12-16 22:01:51,861 [INFO] - filtered products for discount{'apple': {'category': 'Fruit', 'discount': 25}, 'Fish': {'category': 'non veg', 'discount': 25}, 'belgium chocolate cake': {'category': 'cake', 'discount': 25}}
2023-12-16 23:21:24,161 [INFO] - filtered products for discount{'apple': {'category': 'Fruit', 'discount': 25}, 'Fish': {'category': 'non veg', 'discount': 25}, 'belgium chocolate cake': {'category': 'cake', 'discount': 25}}
2023-12-16 23:21:38,759 [INFO] - filtered products for discount{'apple': {'category': 'Fruit', 'discount': 25}, 'Fish': {'category': 'non veg', 'discount': 25}, 'belgium chocolate cake': {'category': 'cake', 'discount': 25}}
2023-12-16 23:21:47,232 [INFO] - filtered products for discount{'apple': {'category': 'Fruit', 'discount': 25}, 'Fish': {'category': 'non veg', 'discount': 25}, 'belgium chocolate cake': {'category': 'cake', 'discount': 25}}
2023-12-16 23:21:49,066 [INFO] - filtered products for discount{'apple': {'category': 'Fruit', 'discount': 25}, 'Fish': {'category': 'non veg', 'discount': 25}, 'belgium chocolate cake': {'category': 'cake', 'discount': 25}}
2023-12-16 23:21:52,209 [INFO] - filtered products for discount{'apple': {'category': 'Fruit', 'discount': 25}, 'Fish': {'category': 'non veg', 'discount': 25}, 'belgium chocolate cake': {'category': 'cake', 'discount': 25}}
2023-12-16 23:30:18,710 [INFO] - filtered products for discount{'apple': {'category': 'Fruit', 'discount': 25}, 'Fish': {'category': 'non veg', 'discount': 25}, 'belgium chocolate cake': {'category': 'cake', 'discount': 25}}
2023-12-16 23:30:32,617 [INFO] - filtered products for discount{'apple': {'category': 'Fruit', 'discount': 25}, 'Fish': {'category': 'non veg', 'discount': 25}, 'belgium chocolate cake': {'category': 'cake', 'discount': 25}}
2023-12-16 23:30:39,500 [INFO] - filtered products for discount{'apple': {'category': 'Fruit', 'discount': 25}, 'Fish': {'category': 'non veg', 'discount': 25}, 'belgium chocolate cake': {'category': 'cake', 'discount': 25}}
2023-12-16 23:30:56,592 [INFO] - filtered products for discount{'apple': {'category': 'Fruit', 'discount': 25}, 'Fish': {'category': 'non veg', 'discount': 25}, 'belgium chocolate cake': {'category': 'cake', 'discount': 25}}
2023-12-17 22:11:38,569 [INFO] - filtered products for discount{'apple': {'category': 'Fruit', 'discount': 25}, 'Fish': {'category': 'Non veg', 'discount': 25}, 'belgium chocolate cake': {'category': 'cake', 'discount': 25}}
2023-12-17 22:20:02,251 [INFO] - filtered products for discount{'apple': {'category': 'Fruit', 'discount': 25}, 'Fish': {'category': 'Non veg', 'discount': 25}, 'belgium chocolate cake': {'category': 'cake', 'discount': 25}}
2023-12-17 22:20:03,327 [INFO] - filtered products for discount{'apple': {'category': 'Fruit', 'discount': 25}, 'Fish': {'category': 'Non veg', 'discount': 25}, 'belgium chocolate cake': {'category': 'cake', 'discount': 25}}
2023-12-17 22:20:05,439 [INFO] - filtered products for discount{'apple': {'category': 'Fruit', 'discount': 25}, 'Fish': {'category': 'Non veg', 'discount': 25}, 'belgium chocolate cake': {'category': 'cake', 'discount': 25}}
2023-12-17 22:20:25,324 [INFO] - filtered products for discount{'apple': {'category': 'Fruit', 'discount': 25}, 'Fish': {'category': 'Non veg', 'discount': 25}, 'belgium chocolate cake': {'category': 'cake', 'discount': 25}}
2023-12-17 22:20:49,328 [INFO] - filtered products for discount{'apple': {'category': 'Fruit', 'discount': 25}, 'Fish': {'category': 'Non veg', 'discount': 25}, 'belgium chocolate cake': {'category': 'cake', 'discount': 25}}
2023-12-17 22:21:51,078 [INFO] - filtered products for discount{'pastry': {'category': 'cake', 'discount': 25}, 'apple': {'category': 'Fruit', 'discount': 25}, 'Fish': {'category': 'Non veg', 'discount': 25}, 'chocolate cake': {'category': 'cake', 'discount': 15}}
2023-12-17 22:24:25,172 [INFO] - filtered products for discount{'pastry': {'category': 'cake', 'discount': 25}, 'apple': {'category': 'Fruit', 'discount': 25}, 'Fish': {'category': 'Non veg', 'discount': 25}, 'chocolate cake': {'category': 'cake', 'discount': 15}}
2023-12-17 22:26:32,687 [INFO] - filtered products for discount{'pastry': {'category': 'cake', 'discount': 25}, 'apple': {'category': 'Fruit', 'discount': 25}, 'Fish': {'category': 'Non veg', 'discount': 25}, 'chocolate cake': {'category': 'cake', 'discount': 15}}
2023-12-17 22:27:25,357 [INFO] - filtered products for discount{'pastry': {'category': 'cake', 'discount': 25}, 'apple': {'category': 'Fruit', 'discount': 25}, 'Fish': {'category': 'Non veg', 'discount': 25}, 'chocolate cake': {'category': 'cake', 'discount': 15}}
2023-12-17 22:28:58,621 [INFO] - filtered products for discount{'pastry': {'category': 'cake', 'discount': 25}, 'apple': {'category': 'Fruit', 'discount': 25}, 'Fish': {'category': 'Non veg', 'discount': 25}, 'chocolate cake': {'category': 'cake', 'discount': 15}}
2023-12-17 22:32:01,926 [INFO] - filtered products for discount{'pastry': {'category': 'cake', 'discount': 25}, 'apple': {'category': 'Fruit', 'discount': 25}, 'Fish': {'category': 'Non veg', 'discount': 25}, 'chocolate cake': {'category': 'cake', 'discount': 15}}
2023-12-17 22:32:04,429 [INFO] - filtered products for discount{'pastry': {'category': 'cake', 'discount': 25}, 'apple': {'category': 'Fruit', 'discount': 25}, 'Fish': {'category': 'Non veg', 'discount': 25}, 'chocolate cake': {'category': 'cake', 'discount': 15}}
2023-12-17 22:41:24,267 [INFO] - filtered products for discount{'pastry': {'category': 'cake', 'discount': 25}, 'apple': {'category': 'Fruit', 'discount': 25}, 'Fish': {'category': 'Non veg', 'discount': 25}, 'chocolate cake': {'category': 'cake', 'discount': 15}}
2023-12-17 22:42:10,485 [INFO] - filtered products for discount{'pastry': {'category': 'cake', 'discount': 25}, 'apple': {'category': 'Fruit', 'discount': 25}, 'Fish': {'category': 'Non veg', 'discount': 25}, 'chocolate cake': {'category': 'cake', 'discount': 15}}
2023-12-17 22:43:35,787 [INFO] - filtered products for discount{'pastry': {'category': 'cake', 'discount': 25}, 'apple': {'category': 'Fruit', 'discount': 25}, 'Fish': {'category': 'Non veg', 'discount': 25}, 'chocolate cake': {'category': 'cake', 'discount': 15}}
2023-12-17 22:43:55,635 [INFO] - filtered products for discount{'pastry': {'category': 'cake', 'discount': 25}, 'apple': {'category': 'Fruit', 'discount': 25}, 'Fish': {'category': 'Non veg', 'discount': 25}, 'chocolate cake': {'category': 'cake', 'discount': 15}}
2023-12-17 22:45:21,975 [INFO] - filtered products for discount{'pastry': {'category': 'cake', 'discount': 25}, 'apple': {'category': 'Fruit', 'discount': 25}, 'Fish': {'category': 'Non veg', 'discount': 25}, 'chocolate cake': {'category': 'cake', 'discount': 15}}
2023-12-17 22:46:48,015 [INFO] - filtered products for discount{'pastry': {'category': 'cake', 'discount': 25}, 'apple': {'category': 'Fruit', 'discount': 25}, 'Fish': {'category': 'Non veg', 'discount': 25}, 'chocolate cake': {'category': 'cake', 'discount': 15}}
2023-12-17 22:46:56,902 [INFO] - filtered products for discount{'pastry': {'category': 'cake', 'discount': 25}, 'apple': {'category': 'Fruit', 'discount': 25}, 'Fish': {'category': 'Non veg', 'discount': 25}, 'chocolate cake': {'category': 'cake', 'discount': 15}}
2023-12-17 22:47:21,167 [INFO] - filtered products for discount{'pastry': {'category': 'cake', 'discount': 25}, 'apple': {'category': 'Fruit', 'discount': 25}, 'Fish': {'category': 'Non veg', 'discount': 25}, 'chocolate cake': {'category': 'cake', 'discount': 15}}
2023-12-17 22:47:55,326 [INFO] - filtered products for discount{'pastry': {'category': 'cake', 'discount': 25}, 'apple': {'category': 'Fruit', 'discount': 25}, 'Fish': {'category': 'Non veg', 'discount': 25}, 'chocolate cake': {'category': 'cake', 'discount': 15}}
2023-12-17 22:48:11,816 [INFO] - filtered products for discount{'pastry': {'category': 'cake', 'discount': 25}, 'apple': {'category': 'Fruit', 'discount': 25}, 'Fish': {'category': 'Non veg', 'discount': 25}, 'chocolate cake': {'category': 'cake', 'discount': 15}}
2023-12-17 22:48:12,195 [INFO] - filtered products for discount{'pastry': {'category': 'cake', 'discount': 25}, 'apple': {'category': 'Fruit', 'discount': 25}, 'Fish': {'category': 'Non veg', 'discount': 25}, 'chocolate cake': {'category': 'cake', 'discount': 15}}
2023-12-17 22:48:53,125 [INFO] - filtered products for discount{'pastry': {'category': 'cake', 'discount': 25}, 'apple': {'category': 'Fruit', 'discount': 25}, 'Fish': {'category': 'Non veg', 'discount': 25}, 'chocolate cake': {'category': 'cake', 'discount': 15}}
2023-12-17 22:48:53,737 [INFO] - filtered products for discount{'pastry': {'category': 'cake', 'discount': 25}, 'apple': {'category': 'Fruit', 'discount': 25}, 'Fish': {'category': 'Non veg', 'discount': 25}, 'chocolate cake': {'category': 'cake', 'discount': 15}}
2023-12-17 22:52:09,245 [INFO] - filtered products for discount{'pastry': {'category': 'cake', 'discount': 25}, 'apple': {'category': 'Fruit', 'discount': 25}, 'Fish': {'category': 'Non veg', 'discount': 25}, 'chocolate cake': {'category': 'cake', 'discount': 15}}
2023-12-17 22:52:09,704 [INFO] - filtered products for discount{'pastry': {'category': 'cake', 'discount': 25}, 'apple': {'category': 'Fruit', 'discount': 25}, 'Fish': {'category': 'Non veg', 'discount': 25}, 'chocolate cake': {'category': 'cake', 'discount': 15}}
2023-12-17 22:52:44,507 [INFO] - filtered products for discount{'pastry': {'category': 'cake', 'discount': 25}, 'apple': {'category': 'Fruit', 'discount': 25}, 'Fish': {'category': 'Non veg', 'discount': 25}, 'chocolate cake': {'category': 'cake', 'discount': 15}}
2023-12-17 22:52:44,910 [INFO] - filtered products for discount{'pastry': {'category': 'cake', 'discount': 25}, 'apple': {'category': 'Fruit', 'discount': 25}, 'Fish': {'category': 'Non veg', 'discount': 25}, 'chocolate cake': {'category': 'cake', 'discount': 15}}
2023-12-17 22:52:55,305 [INFO] - filtered products for discount{'pastry': {'category': 'cake', 'discount': 25}, 'apple': {'category': 'Fruit', 'discount': 25}, 'Fish': {'category': 'Non veg', 'discount': 25}, 'chocolate cake': {'category': 'cake', 'discount': 15}}
2023-12-17 22:52:55,725 [INFO] - filtered products for discount{'pastry': {'category': 'cake', 'discount': 25}, 'apple': {'category': 'Fruit', 'discount': 25}, 'Fish': {'category': 'Non veg', 'discount': 25}, 'chocolate cake': {'category': 'cake', 'discount': 15}}
2023-12-17 22:53:11,836 [INFO] - filtered products for discount{'pastry': {'category': 'cake', 'discount': 25}, 'apple': {'category': 'Fruit', 'discount': 25}, 'Fish': {'category': 'Non veg', 'discount': 25}, 'chocolate cake': {'category': 'cake', 'discount': 15}}
2023-12-17 22:53:12,215 [INFO] - filtered products for discount{'pastry': {'category': 'cake', 'discount': 25}, 'apple': {'category': 'Fruit', 'discount': 25}, 'Fish': {'category': 'Non veg', 'discount': 25}, 'chocolate cake': {'category': 'cake', 'discount': 15}}
2023-12-17 22:56:46,935 [INFO] - filtered products for discount{'pastry': {'category': 'cake', 'discount': 25}, 'apple': {'category': 'Fruit', 'discount': 25}, 'Fish': {'category': 'Non veg', 'discount': 25}, 'chocolate cake': {'category': 'cake', 'discount': 15}}
2023-12-17 22:56:47,335 [INFO] - filtered products for discount{'pastry': {'category': 'cake', 'discount': 25}, 'apple': {'category': 'Fruit', 'discount': 25}, 'Fish': {'category': 'Non veg', 'discount': 25}, 'chocolate cake': {'category': 'cake', 'discount': 15}}
2023-12-17 23:05:20,368 [INFO] - filtered products for discount{'pastry': {'category': 'cake', 'discount': 25}, 'apple': {'category': 'Fruit', 'discount': 25}, 'Fish': {'category': 'Non veg', 'discount': 25}, 'chocolate cake': {'category': 'cake', 'discount': 15}}
2023-12-17 23:05:20,772 [INFO] - filtered products for discount{'pastry': {'category': 'cake', 'discount': 25}, 'apple': {'category': 'Fruit', 'discount': 25}, 'Fish': {'category': 'Non veg', 'discount': 25}, 'chocolate cake': {'category': 'cake', 'discount': 15}}
2023-12-17 23:05:41,209 [INFO] - filtered products for discount{'pastry': {'category': 'cake', 'discount': 25}, 'apple': {'category': 'Fruit', 'discount': 25}, 'Fish': {'category': 'Non veg', 'discount': 25}, 'chocolate cake': {'category': 'cake', 'discount': 15}}
2023-12-17 23:05:41,609 [INFO] - filtered products for discount{'pastry': {'category': 'cake', 'discount': 25}, 'apple': {'category': 'Fruit', 'discount': 25}, 'Fish': {'category': 'Non veg', 'discount': 25}, 'chocolate cake': {'category': 'cake', 'discount': 15}}
2023-12-17 23:06:18,907 [INFO] - filtered products for discount{'pastry': {'category': 'cake', 'discount': 25}, 'apple': {'category': 'Fruit', 'discount': 25}, 'Fish': {'category': 'Non veg', 'discount': 25}, 'chocolate cake': {'category': 'cake', 'discount': 15}}
2023-12-17 23:06:19,308 [INFO] - filtered products for discount{'pastry': {'category': 'cake', 'discount': 25}, 'apple': {'category': 'Fruit', 'discount': 25}, 'Fish': {'category': 'Non veg', 'discount': 25}, 'chocolate cake': {'category': 'cake', 'discount': 15}}
2023-12-17 23:09:12,004 [INFO] - filtered products for discount{'pastry': {'category': 'cake', 'discount': 25}, 'apple': {'category': 'Fruit', 'discount': 25}, 'Fish': {'category': 'Non veg', 'discount': 25}, 'chocolate cake': {'category': 'cake', 'discount': 15}}
2023-12-17 23:09:12,397 [INFO] - filtered products for discount{'pastry': {'category': 'cake', 'discount': 25}, 'apple': {'category': 'Fruit', 'discount': 25}, 'Fish': {'category': 'Non veg', 'discount': 25}, 'chocolate cake': {'category': 'cake', 'discount': 15}}
2023-12-17 23:09:26,288 [INFO] - filtered products for discount{'pastry': {'category': 'cake', 'discount': 25}, 'apple': {'category': 'Fruit', 'discount': 25}, 'Fish': {'category': 'Non veg', 'discount': 25}, 'chocolate cake': {'category': 'cake', 'discount': 15}}
2023-12-17 23:09:26,685 [INFO] - filtered products for discount{'pastry': {'category': 'cake', 'discount': 25}, 'apple': {'category': 'Fruit', 'discount': 25}, 'Fish': {'category': 'Non veg', 'discount': 25}, 'chocolate cake': {'category': 'cake', 'discount': 15}}
2023-12-17 23:09:47,631 [INFO] - filtered products for discount{'pastry': {'category': 'cake', 'discount': 25}, 'apple': {'category': 'Fruit', 'discount': 25}, 'Fish': {'category': 'Non veg', 'discount': 25}, 'chocolate cake': {'category': 'cake', 'discount': 15}}
2023-12-17 23:09:48,064 [INFO] - filtered products for discount{'pastry': {'category': 'cake', 'discount': 25}, 'apple': {'category': 'Fruit', 'discount': 25}, 'Fish': {'category': 'Non veg', 'discount': 25}, 'chocolate cake': {'category': 'cake', 'discount': 15}}
2023-12-17 23:10:01,816 [INFO] - filtered products for discount{'pastry': {'category': 'cake', 'discount': 25}, 'apple': {'category': 'Fruit', 'discount': 25}, 'Fish': {'category': 'Non veg', 'discount': 25}, 'chocolate cake': {'category': 'cake', 'discount': 15}}
2023-12-17 23:10:02,236 [INFO] - filtered products for discount{'pastry': {'category': 'cake', 'discount': 25}, 'apple': {'category': 'Fruit', 'discount': 25}, 'Fish': {'category': 'Non veg', 'discount': 25}, 'chocolate cake': {'category': 'cake', 'discount': 15}}
2023-12-17 23:11:24,623 [INFO] - filtered products for discount{'pastry': {'category': 'cake', 'discount': 25}, 'apple': {'category': 'Fruit', 'discount': 25}, 'Fish': {'category': 'Non veg', 'discount': 25}, 'chocolate cake': {'category': 'cake', 'discount': 15}}
2023-12-17 23:11:26,157 [INFO] - filtered products for discount{'pastry': {'category': 'cake', 'discount': 25}, 'apple': {'category': 'Fruit', 'discount': 25}, 'Fish': {'category': 'Non veg', 'discount': 25}, 'chocolate cake': {'category': 'cake', 'discount': 15}}
2023-12-17 23:13:02,975 [INFO] - filtered products for discount{'pastry': {'category': 'cake', 'discount': 25}, 'apple': {'category': 'Fruit', 'discount': 25}, 'Fish': {'category': 'Non veg', 'discount': 25}, 'chocolate cake': {'category': 'cake', 'discount': 15}}
2023-12-17 23:13:03,395 [INFO] - filtered products for discount{'pastry': {'category': 'cake', 'discount': 25}, 'apple': {'category': 'Fruit', 'discount': 25}, 'Fish': {'category': 'Non veg', 'discount': 25}, 'chocolate cake': {'category': 'cake', 'discount': 15}}
2023-12-17 23:13:19,975 [INFO] - filtered products for discount{'pastry': {'category': 'cake', 'discount': 25}, 'apple': {'category': 'Fruit', 'discount': 25}, 'Fish': {'category': 'Non veg', 'discount': 25}, 'chocolate cake': {'category': 'cake', 'discount': 15}}
2023-12-17 23:13:20,485 [INFO] - filtered products for discount{'pastry': {'category': 'cake', 'discount': 25}, 'apple': {'category': 'Fruit', 'discount': 25}, 'Fish': {'category': 'Non veg', 'discount': 25}, 'chocolate cake': {'category': 'cake', 'discount': 15}}
2023-12-17 23:13:41,135 [INFO] - filtered products for discount{'pastry': {'category': 'cake', 'discount': 25}, 'apple': {'category': 'Fruit', 'discount': 25}, 'Fish': {'category': 'Non veg', 'discount': 25}, 'chocolate cake': {'category': 'cake', 'discount': 15}}
2023-12-17 23:13:41,613 [INFO] - filtered products for discount{'pastry': {'category': 'cake', 'discount': 25}, 'apple': {'category': 'Fruit', 'discount': 25}, 'Fish': {'category': 'Non veg', 'discount': 25}, 'chocolate cake': {'category': 'cake', 'discount': 15}}
2023-12-17 23:14:14,139 [INFO] - filtered products for discount{'pastry': {'category': 'cake', 'discount': 25}, 'apple': {'category': 'Fruit', 'discount': 25}, 'Fish': {'category': 'Non veg', 'discount': 25}, 'chocolate cake': {'category': 'cake', 'discount': 15}}
2023-12-17 23:14:14,546 [INFO] - filtered products for discount{'pastry': {'category': 'cake', 'discount': 25}, 'apple': {'category': 'Fruit', 'discount': 25}, 'Fish': {'category': 'Non veg', 'discount': 25}, 'chocolate cake': {'category': 'cake', 'discount': 15}}
2023-12-17 23:15:14,200 [INFO] - filtered products for discount{'pastry': {'category': 'cake', 'discount': 25}, 'apple': {'category': 'Fruit', 'discount': 25}, 'Fish': {'category': 'Non veg', 'discount': 25}, 'chocolate cake': {'category': 'cake', 'discount': 15}}
2023-12-17 23:15:14,630 [INFO] - filtered products for discount{'pastry': {'category': 'cake', 'discount': 25}, 'apple': {'category': 'Fruit', 'discount': 25}, 'Fish': {'category': 'Non veg', 'discount': 25}, 'chocolate cake': {'category': 'cake', 'discount': 15}}
2023-12-17 23:15:54,737 [INFO] - filtered products for discount{'pastry': {'category': 'cake', 'discount': 25}, 'apple': {'category': 'Fruit', 'discount': 25}, 'Fish': {'category': 'Non veg', 'discount': 25}, 'chocolate cake': {'category': 'cake', 'discount': 15}}
2023-12-17 23:15:55,145 [INFO] - filtered products for discount{'pastry': {'category': 'cake', 'discount': 25}, 'apple': {'category': 'Fruit', 'discount': 25}, 'Fish': {'category': 'Non veg', 'discount': 25}, 'chocolate cake': {'category': 'cake', 'discount': 15}}
2023-12-17 23:27:31,865 [INFO] - filtered products for discount{'pastry': {'category': 'cake', 'discount': 25}, 'apple': {'category': 'Fruit', 'discount': 25}, 'Fish': {'category': 'Non veg', 'discount': 25}, 'chocolate cake': {'category': 'cake', 'discount': 15}}
2023-12-17 23:27:35,098 [INFO] - filtered products for discount{'pastry': {'category': 'cake', 'discount': 25}, 'apple': {'category': 'Fruit', 'discount': 25}, 'Fish': {'category': 'Non veg', 'discount': 25}, 'chocolate cake': {'category': 'cake', 'discount': 15}}
2023-12-17 23:28:03,997 [INFO] - filtered products for discount{'pastry': {'category': 'cake', 'discount': 25}, 'apple': {'category': 'Fruit', 'discount': 25}, 'Fish': {'category': 'Non veg', 'discount': 25}, 'chocolate cake': {'category': 'cake', 'discount': 15}}
2023-12-17 23:28:04,407 [INFO] - filtered products for discount{'pastry': {'category': 'cake', 'discount': 25}, 'apple': {'category': 'Fruit', 'discount': 25}, 'Fish': {'category': 'Non veg', 'discount': 25}, 'chocolate cake': {'category': 'cake', 'discount': 15}}
2023-12-17 23:28:22,177 [INFO] - filtered products for discount{'pastry': {'category': 'cake', 'discount': 25}, 'apple': {'category': 'Fruit', 'discount': 25}, 'Fish': {'category': 'Non veg', 'discount': 25}, 'chocolate cake': {'category': 'cake', 'discount': 15}}
2023-12-17 23:28:22,565 [INFO] - filtered products for discount{'pastry': {'category': 'cake', 'discount': 25}, 'apple': {'category': 'Fruit', 'discount': 25}, 'Fish': {'category': 'Non veg', 'discount': 25}, 'chocolate cake': {'category': 'cake', 'discount': 15}}
2023-12-17 23:28:35,297 [INFO] - filtered products for discount{'pastry': {'category': 'cake', 'discount': 25}, 'apple': {'category': 'Fruit', 'discount': 25}, 'Fish': {'category': 'Non veg', 'discount': 25}, 'chocolate cake': {'category': 'cake', 'discount': 15}}
2023-12-17 23:28:35,686 [INFO] - filtered products for discount{'pastry': {'category': 'cake', 'discount': 25}, 'apple': {'category': 'Fruit', 'discount': 25}, 'Fish': {'category': 'Non veg', 'discount': 25}, 'chocolate cake': {'category': 'cake', 'discount': 15}}
2023-12-17 23:29:17,825 [INFO] - filtered products for discount{'pastry': {'category': 'cake', 'discount': 25}, 'apple': {'category': 'Fruit', 'discount': 25}, 'Fish': {'category': 'Non veg', 'discount': 25}, 'chocolate cake': {'category': 'cake', 'discount': 15}}
2023-12-17 23:29:18,225 [INFO] - filtered products for discount{'pastry': {'category': 'cake', 'discount': 25}, 'apple': {'category': 'Fruit', 'discount': 25}, 'Fish': {'category': 'Non veg', 'discount': 25}, 'chocolate cake': {'category': 'cake', 'discount': 15}}
2023-12-17 23:29:47,892 [INFO] - filtered products for discount{'pastry': {'category': 'cake', 'discount': 25}, 'apple': {'category': 'Fruit', 'discount': 25}, 'Fish': {'category': 'Non veg', 'discount': 25}, 'chocolate cake': {'category': 'cake', 'discount': 15}}
2023-12-17 23:34:26,337 [INFO] - filtered products for discount{'pastry': {'category': 'cake', 'discount': 25}, 'apple': {'category': 'Fruit', 'discount': 25}, 'Fish': {'category': 'Non veg', 'discount': 25}, 'chocolate cake': {'category': 'cake', 'discount': 15}}
2023-12-17 23:34:26,746 [INFO] - filtered products for discount{'pastry': {'category': 'cake', 'discount': 25}, 'apple': {'category': 'Fruit', 'discount': 25}, 'Fish': {'category': 'Non veg', 'discount': 25}, 'chocolate cake': {'category': 'cake', 'discount': 15}}
2023-12-17 23:34:26,751 [INFO] - filtered products for discount{'pastry': {'category': 'cake', 'discount': 25}, 'apple': {'category': 'Fruit', 'discount': 25}, 'Fish': {'category': 'Non veg', 'discount': 25}, 'chocolate cake': {'category': 'cake', 'discount': 15}}
2023-12-17 23:35:59,931 [INFO] - filtered products for discount{'pastry': {'category': 'cake', 'discount': 25}, 'apple': {'category': 'Fruit', 'discount': 25}, 'Fish': {'category': 'Non veg', 'discount': 25}, 'chocolate cake': {'category': 'cake', 'discount': 15}}
2023-12-17 23:36:00,361 [INFO] - filtered products for discount{'pastry': {'category': 'cake', 'discount': 25}, 'apple': {'category': 'Fruit', 'discount': 25}, 'Fish': {'category': 'Non veg', 'discount': 25}, 'chocolate cake': {'category': 'cake', 'discount': 15}}
2023-12-17 23:36:00,371 [INFO] - filtered products for discount{'pastry': {'category': 'cake', 'discount': 25}, 'apple': {'category': 'Fruit', 'discount': 25}, 'Fish': {'category': 'Non veg', 'discount': 25}, 'chocolate cake': {'category': 'cake', 'discount': 15}}
2023-12-17 23:37:12,709 [INFO] - filtered products for discount{'pastry': {'category': 'cake', 'discount': 25}, 'apple': {'category': 'Fruit', 'discount': 25}, 'Fish': {'category': 'Non veg', 'discount': 25}, 'chocolate cake': {'category': 'cake', 'discount': 15}}
2023-12-17 23:37:13,120 [INFO] - filtered products for discount{'pastry': {'category': 'cake', 'discount': 25}, 'apple': {'category': 'Fruit', 'discount': 25}, 'Fish': {'category': 'Non veg', 'discount': 25}, 'chocolate cake': {'category': 'cake', 'discount': 15}}
2023-12-17 23:37:13,136 [INFO] - filtered products for discount{'pastry': {'category': 'cake', 'discount': 25}, 'apple': {'category': 'Fruit', 'discount': 25}, 'Fish': {'category': 'Non veg', 'discount': 25}, 'chocolate cake': {'category': 'cake', 'discount': 15}}
2023-12-17 23:41:10,493 [INFO] - filtered products for discount{'pastry': {'category': 'cake', 'discount': 25}, 'apple': {'category': 'Fruit', 'discount': 25}, 'Fish': {'category': 'Non veg', 'discount': 25}, 'chocolate cake': {'category': 'cake', 'discount': 15}}
2023-12-17 23:41:10,913 [INFO] - filtered products for discount{'pastry': {'category': 'cake', 'discount': 25}, 'apple': {'category': 'Fruit', 'discount': 25}, 'Fish': {'category': 'Non veg', 'discount': 25}, 'chocolate cake': {'category': 'cake', 'discount': 15}}
2023-12-17 23:41:10,921 [INFO] - filtered products for discount{'pastry': {'category': 'cake', 'discount': 25}, 'apple': {'category': 'Fruit', 'discount': 25}, 'Fish': {'category': 'Non veg', 'discount': 25}, 'chocolate cake': {'category': 'cake', 'discount': 15}}
2023-12-17 23:44:02,606 [INFO] - filtered products for discount{'pastry': {'category': 'cake', 'discount': 25}, 'apple': {'category': 'Fruit', 'discount': 25}, 'Fish': {'category': 'Non veg', 'discount': 25}, 'chocolate cake': {'category': 'cake', 'discount': 15}}
2023-12-17 23:44:03,038 [INFO] - filtered products for discount{'pastry': {'category': 'cake', 'discount': 25}, 'apple': {'category': 'Fruit', 'discount': 25}, 'Fish': {'category': 'Non veg', 'discount': 25}, 'chocolate cake': {'category': 'cake', 'discount': 15}}
2023-12-17 23:44:03,054 [INFO] - filtered products for discount{'pastry': {'category': 'cake', 'discount': 25}, 'apple': {'category': 'Fruit', 'discount': 25}, 'Fish': {'category': 'Non veg', 'discount': 25}, 'chocolate cake': {'category': 'cake', 'discount': 15}}
2023-12-17 23:44:07,239 [INFO] - filtered products for discount{'pastry': {'category': 'cake', 'discount': 25}, 'apple': {'category': 'Fruit', 'discount': 25}, 'Fish': {'category': 'Non veg', 'discount': 25}, 'chocolate cake': {'category': 'cake', 'discount': 15}}
2023-12-17 23:44:07,632 [INFO] - filtered products for discount{'pastry': {'category': 'cake', 'discount': 25}, 'apple': {'category': 'Fruit', 'discount': 25}, 'Fish': {'category': 'Non veg', 'discount': 25}, 'chocolate cake': {'category': 'cake', 'discount': 15}}
2023-12-17 23:44:07,635 [INFO] - filtered products for discount{'pastry': {'category': 'cake', 'discount': 25}, 'apple': {'category': 'Fruit', 'discount': 25}, 'Fish': {'category': 'Non veg', 'discount': 25}, 'chocolate cake': {'category': 'cake', 'discount': 15}}
2023-12-17 23:44:21,145 [INFO] - filtered products for discount{'pastry': {'category': 'cake', 'discount': 25}, 'apple': {'category': 'Fruit', 'discount': 25}, 'Fish': {'category': 'Non veg', 'discount': 25}, 'chocolate cake': {'category': 'cake', 'discount': 15}}
2023-12-17 23:44:21,546 [INFO] - filtered products for discount{'pastry': {'category': 'cake', 'discount': 25}, 'apple': {'category': 'Fruit', 'discount': 25}, 'Fish': {'category': 'Non veg', 'discount': 25}, 'chocolate cake': {'category': 'cake', 'discount': 15}}
2023-12-17 23:44:21,556 [INFO] - filtered products for discount{'pastry': {'category': 'cake', 'discount': 25}, 'apple': {'category': 'Fruit', 'discount': 25}, 'Fish': {'category': 'Non veg', 'discount': 25}, 'chocolate cake': {'category': 'cake', 'discount': 15}}
2023-12-17 23:45:25,829 [INFO] - filtered products for discount{'pastry': {'category': 'cake', 'discount': 25}, 'apple': {'category': 'Fruit', 'discount': 25}, 'Fish': {'category': 'Non veg', 'discount': 25}, 'chocolate cake': {'category': 'cake', 'discount': 15}}
2023-12-17 23:45:26,330 [INFO] - filtered products for discount{'pastry': {'category': 'cake', 'discount': 25}, 'apple': {'category': 'Fruit', 'discount': 25}, 'Fish': {'category': 'Non veg', 'discount': 25}, 'chocolate cake': {'category': 'cake', 'discount': 15}}
2023-12-17 23:45:26,334 [INFO] - filtered products for discount{'pastry': {'category': 'cake', 'discount': 25}, 'apple': {'category': 'Fruit', 'discount': 25}, 'Fish': {'category': 'Non veg', 'discount': 25}, 'chocolate cake': {'category': 'cake', 'discount': 15}}
2023-12-17 23:45:54,956 [INFO] - filtered products for discount{'pastry': {'category': 'cake', 'discount': 25}, 'apple': {'category': 'Fruit', 'discount': 25}, 'Fish': {'category': 'Non veg', 'discount': 25}, 'chocolate cake': {'category': 'cake', 'discount': 15}}
2023-12-17 23:45:55,357 [INFO] - filtered products for discount{'pastry': {'category': 'cake', 'discount': 25}, 'apple': {'category': 'Fruit', 'discount': 25}, 'Fish': {'category': 'Non veg', 'discount': 25}, 'chocolate cake': {'category': 'cake', 'discount': 15}}
2023-12-17 23:45:55,361 [INFO] - filtered products for discount{'pastry': {'category': 'cake', 'discount': 25}, 'apple': {'category': 'Fruit', 'discount': 25}, 'Fish': {'category': 'Non veg', 'discount': 25}, 'chocolate cake': {'category': 'cake', 'discount': 15}}
2023-12-17 23:47:10,108 [INFO] - filtered products for discount{'pastry': {'category': 'cake', 'discount': 25}, 'apple': {'category': 'Fruit', 'discount': 25}, 'Fish': {'category': 'Non veg', 'discount': 25}, 'chocolate cake': {'category': 'cake', 'discount': 15}}
2023-12-17 23:47:10,505 [INFO] - filtered products for discount{'pastry': {'category': 'cake', 'discount': 25}, 'apple': {'category': 'Fruit', 'discount': 25}, 'Fish': {'category': 'Non veg', 'discount': 25}, 'chocolate cake': {'category': 'cake', 'discount': 15}}
2023-12-17 23:47:10,520 [INFO] - filtered products for discount{'pastry': {'category': 'cake', 'discount': 25}, 'apple': {'category': 'Fruit', 'discount': 25}, 'Fish': {'category': 'Non veg', 'discount': 25}, 'chocolate cake': {'category': 'cake', 'discount': 15}}
2023-12-17 23:47:26,236 [INFO] - filtered products for discount{'pastry': {'category': 'cake', 'discount': 25}, 'apple': {'category': 'Fruit', 'discount': 25}, 'Fish': {'category': 'Non veg', 'discount': 25}, 'chocolate cake': {'category': 'cake', 'discount': 15}}
2023-12-17 23:47:26,638 [INFO] - filtered products for discount{'pastry': {'category': 'cake', 'discount': 25}, 'apple': {'category': 'Fruit', 'discount': 25}, 'Fish': {'category': 'Non veg', 'discount': 25}, 'chocolate cake': {'category': 'cake', 'discount': 15}}
2023-12-17 23:47:26,638 [INFO] - filtered products for discount{'pastry': {'category': 'cake', 'discount': 25}, 'apple': {'category': 'Fruit', 'discount': 25}, 'Fish': {'category': 'Non veg', 'discount': 25}, 'chocolate cake': {'category': 'cake', 'discount': 15}}
2023-12-17 23:47:58,366 [INFO] - filtered products for discount{'pastry': {'category': 'cake', 'discount': 25}, 'apple': {'category': 'Fruit', 'discount': 25}, 'Fish': {'category': 'Non veg', 'discount': 25}, 'chocolate cake': {'category': 'cake', 'discount': 15}}
2023-12-17 23:47:58,785 [INFO] - filtered products for discount{'pastry': {'category': 'cake', 'discount': 25}, 'apple': {'category': 'Fruit', 'discount': 25}, 'Fish': {'category': 'Non veg', 'discount': 25}, 'chocolate cake': {'category': 'cake', 'discount': 15}}
2023-12-17 23:47:58,789 [INFO] - filtered products for discount{'pastry': {'category': 'cake', 'discount': 25}, 'apple': {'category': 'Fruit', 'discount': 25}, 'Fish': {'category': 'Non veg', 'discount': 25}, 'chocolate cake': {'category': 'cake', 'discount': 15}}
2023-12-17 23:48:52,636 [INFO] - filtered products for discount{'pastry': {'category': 'cake', 'discount': 25}, 'apple': {'category': 'Fruit', 'discount': 25}, 'Fish': {'category': 'Non veg', 'discount': 25}, 'chocolate cake': {'category': 'cake', 'discount': 15}}
2023-12-17 23:48:53,038 [INFO] - filtered products for discount{'pastry': {'category': 'cake', 'discount': 25}, 'apple': {'category': 'Fruit', 'discount': 25}, 'Fish': {'category': 'Non veg', 'discount': 25}, 'chocolate cake': {'category': 'cake', 'discount': 15}}
2023-12-17 23:48:53,044 [INFO] - filtered products for discount{'pastry': {'category': 'cake', 'discount': 25}, 'apple': {'category': 'Fruit', 'discount': 25}, 'Fish': {'category': 'Non veg', 'discount': 25}, 'chocolate cake': {'category': 'cake', 'discount': 15}}
2023-12-17 23:49:02,435 [INFO] - filtered products for discount{'pastry': {'category': 'cake', 'discount': 25}, 'apple': {'category': 'Fruit', 'discount': 25}, 'Fish': {'category': 'Non veg', 'discount': 25}, 'chocolate cake': {'category': 'cake', 'discount': 15}}
2023-12-17 23:49:02,826 [INFO] - filtered products for discount{'pastry': {'category': 'cake', 'discount': 25}, 'apple': {'category': 'Fruit', 'discount': 25}, 'Fish': {'category': 'Non veg', 'discount': 25}, 'chocolate cake': {'category': 'cake', 'discount': 15}}
2023-12-17 23:49:02,828 [INFO] - filtered products for discount{'pastry': {'category': 'cake', 'discount': 25}, 'apple': {'category': 'Fruit', 'discount': 25}, 'Fish': {'category': 'Non veg', 'discount': 25}, 'chocolate cake': {'category': 'cake', 'discount': 15}}
2023-12-17 23:49:46,779 [INFO] - filtered products for discount{'pastry': {'category': 'cake', 'discount': 25}, 'apple': {'category': 'Fruit', 'discount': 25}, 'Fish': {'category': 'Non veg', 'discount': 25}, 'chocolate cake': {'category': 'cake', 'discount': 15}}
2023-12-17 23:49:47,186 [INFO] - filtered products for discount{'pastry': {'category': 'cake', 'discount': 25}, 'apple': {'category': 'Fruit', 'discount': 25}, 'Fish': {'category': 'Non veg', 'discount': 25}, 'chocolate cake': {'category': 'cake', 'discount': 15}}
2023-12-17 23:49:47,186 [INFO] - filtered products for discount{'pastry': {'category': 'cake', 'discount': 25}, 'apple': {'category': 'Fruit', 'discount': 25}, 'Fish': {'category': 'Non veg', 'discount': 25}, 'chocolate cake': {'category': 'cake', 'discount': 15}}
2023-12-17 23:49:48,576 [INFO] - filtered products for discount{'pastry': {'category': 'cake', 'discount': 25}, 'apple': {'category': 'Fruit', 'discount': 25}, 'Fish': {'category': 'Non veg', 'discount': 25}, 'chocolate cake': {'category': 'cake', 'discount': 15}}
2023-12-17 23:49:48,969 [INFO] - filtered products for discount{'pastry': {'category': 'cake', 'discount': 25}, 'apple': {'category': 'Fruit', 'discount': 25}, 'Fish': {'category': 'Non veg', 'discount': 25}, 'chocolate cake': {'category': 'cake', 'discount': 15}}
2023-12-17 23:49:48,976 [INFO] - filtered products for discount{'pastry': {'category': 'cake', 'discount': 25}, 'apple': {'category': 'Fruit', 'discount': 25}, 'Fish': {'category': 'Non veg', 'discount': 25}, 'chocolate cake': {'category': 'cake', 'discount': 15}}
2023-12-17 23:49:59,520 [INFO] - filtered products for discount{'pastry': {'category': 'cake', 'discount': 25}, 'apple': {'category': 'Fruit', 'discount': 25}, 'Fish': {'category': 'Non veg', 'discount': 25}, 'chocolate cake': {'category': 'cake', 'discount': 15}}
2023-12-17 23:49:59,924 [INFO] - filtered products for discount{'pastry': {'category': 'cake', 'discount': 25}, 'apple': {'category': 'Fruit', 'discount': 25}, 'Fish': {'category': 'Non veg', 'discount': 25}, 'chocolate cake': {'category': 'cake', 'discount': 15}}
2023-12-17 23:49:59,935 [INFO] - filtered products for discount{'pastry': {'category': 'cake', 'discount': 25}, 'apple': {'category': 'Fruit', 'discount': 25}, 'Fish': {'category': 'Non veg', 'discount': 25}, 'chocolate cake': {'category': 'cake', 'discount': 15}}
2023-12-17 23:50:01,053 [INFO] - filtered products for discount{'pastry': {'category': 'cake', 'discount': 25}, 'apple': {'category': 'Fruit', 'discount': 25}, 'Fish': {'category': 'Non veg', 'discount': 25}, 'chocolate cake': {'category': 'cake', 'discount': 15}}
2023-12-17 23:50:01,443 [INFO] - filtered products for discount{'pastry': {'category': 'cake', 'discount': 25}, 'apple': {'category': 'Fruit', 'discount': 25}, 'Fish': {'category': 'Non veg', 'discount': 25}, 'chocolate cake': {'category': 'cake', 'discount': 15}}
2023-12-17 23:50:01,447 [INFO] - filtered products for discount{'pastry': {'category': 'cake', 'discount': 25}, 'apple': {'category': 'Fruit', 'discount': 25}, 'Fish': {'category': 'Non veg', 'discount': 25}, 'chocolate cake': {'category': 'cake', 'discount': 15}}
2023-12-17 23:50:09,341 [INFO] - filtered products for discount{'pastry': {'category': 'cake', 'discount': 25}, 'apple': {'category': 'Fruit', 'discount': 25}, 'Fish': {'category': 'Non veg', 'discount': 25}, 'chocolate cake': {'category': 'cake', 'discount': 15}}
2023-12-17 23:50:09,737 [INFO] - filtered products for discount{'pastry': {'category': 'cake', 'discount': 25}, 'apple': {'category': 'Fruit', 'discount': 25}, 'Fish': {'category': 'Non veg', 'discount': 25}, 'chocolate cake': {'category': 'cake', 'discount': 15}}
2023-12-17 23:50:09,745 [INFO] - filtered products for discount{'pastry': {'category': 'cake', 'discount': 25}, 'apple': {'category': 'Fruit', 'discount': 25}, 'Fish': {'category': 'Non veg', 'discount': 25}, 'chocolate cake': {'category': 'cake', 'discount': 15}}
2023-12-17 23:50:15,559 [INFO] - filtered products for discount{'pastry': {'category': 'cake', 'discount': 25}, 'apple': {'category': 'Fruit', 'discount': 25}, 'Fish': {'category': 'Non veg', 'discount': 25}, 'chocolate cake': {'category': 'cake', 'discount': 15}}
2023-12-17 23:50:15,968 [INFO] - filtered products for discount{'pastry': {'category': 'cake', 'discount': 25}, 'apple': {'category': 'Fruit', 'discount': 25}, 'Fish': {'category': 'Non veg', 'discount': 25}, 'chocolate cake': {'category': 'cake', 'discount': 15}}
2023-12-17 23:50:15,984 [INFO] - filtered products for discount{'pastry': {'category': 'cake', 'discount': 25}, 'apple': {'category': 'Fruit', 'discount': 25}, 'Fish': {'category': 'Non veg', 'discount': 25}, 'chocolate cake': {'category': 'cake', 'discount': 15}}
2023-12-17 23:50:22,948 [INFO] - filtered products for discount{'pastry': {'category': 'cake', 'discount': 25}, 'apple': {'category': 'Fruit', 'discount': 25}, 'Fish': {'category': 'Non veg', 'discount': 25}, 'chocolate cake': {'category': 'cake', 'discount': 15}}
2023-12-17 23:50:23,345 [INFO] - filtered products for discount{'pastry': {'category': 'cake', 'discount': 25}, 'apple': {'category': 'Fruit', 'discount': 25}, 'Fish': {'category': 'Non veg', 'discount': 25}, 'chocolate cake': {'category': 'cake', 'discount': 15}}
2023-12-17 23:50:23,346 [INFO] - filtered products for discount{'pastry': {'category': 'cake', 'discount': 25}, 'apple': {'category': 'Fruit', 'discount': 25}, 'Fish': {'category': 'Non veg', 'discount': 25}, 'chocolate cake': {'category': 'cake', 'discount': 15}}
2023-12-17 23:50:27,066 [INFO] - filtered products for discount{'pastry': {'category': 'cake', 'discount': 25}, 'apple': {'category': 'Fruit', 'discount': 25}, 'Fish': {'category': 'Non veg', 'discount': 25}, 'chocolate cake': {'category': 'cake', 'discount': 15}}
2023-12-17 23:50:27,469 [INFO] - filtered products for discount{'pastry': {'category': 'cake', 'discount': 25}, 'apple': {'category': 'Fruit', 'discount': 25}, 'Fish': {'category': 'Non veg', 'discount': 25}, 'chocolate cake': {'category': 'cake', 'discount': 15}}
2023-12-17 23:50:27,474 [INFO] - filtered products for discount{'pastry': {'category': 'cake', 'discount': 25}, 'apple': {'category': 'Fruit', 'discount': 25}, 'Fish': {'category': 'Non veg', 'discount': 25}, 'chocolate cake': {'category': 'cake', 'discount': 15}}
2023-12-17 23:50:41,378 [INFO] - filtered products for discount{'pastry': {'category': 'cake', 'discount': 25}, 'apple': {'category': 'Fruit', 'discount': 25}, 'Fish': {'category': 'Non veg', 'discount': 25}, 'chocolate cake': {'category': 'cake', 'discount': 15}}
2023-12-17 23:50:41,792 [INFO] - filtered products for discount{'pastry': {'category': 'cake', 'discount': 25}, 'apple': {'category': 'Fruit', 'discount': 25}, 'Fish': {'category': 'Non veg', 'discount': 25}, 'chocolate cake': {'category': 'cake', 'discount': 15}}
2023-12-17 23:50:41,796 [INFO] - filtered products for discount{'pastry': {'category': 'cake', 'discount': 25}, 'apple': {'category': 'Fruit', 'discount': 25}, 'Fish': {'category': 'Non veg', 'discount': 25}, 'chocolate cake': {'category': 'cake', 'discount': 15}}
